<?xml version="1.0" encoding="UTF-8"?>
<testng-results ignored="0" total="2" passed="2" failed="0" skipped="0">
  <reporter-output>
    <line>
      <![CDATA[Running TC1]]>
    </line>
  </reporter-output>
  <suite started-at="2023-02-02T17:31:42 IST" name="Default suite" finished-at="2023-02-02T17:31:42 IST" duration-ms="47">
    <groups>
    </groups>
    <test started-at="2023-02-02T17:31:42 IST" name="Default test" finished-at="2023-02-02T17:31:42 IST" duration-ms="47">
      <class name="POMWith_PageFactory.FBLogin">
        <test-method signature="TC0()[pri:0, instance:POMWith_PageFactory.FBLogin@75329a49]" started-at="2023-02-02T17:31:42 IST" name="TC0" finished-at="2023-02-02T17:31:42 IST" duration-ms="7" status="PASS">
          <reporter-output>
          </reporter-output>
        </test-method> <!-- TC0 -->
        <test-method signature="TC1()[pri:0, instance:POMWith_PageFactory.FBLogin@75329a49]" started-at="2023-02-02T17:31:42 IST" name="TC1" finished-at="2023-02-02T17:31:42 IST" duration-ms="2" status="PASS">
          <reporter-output>
            <line>
              <![CDATA[Running TC1]]>
            </line>
          </reporter-output>
        </test-method> <!-- TC1 -->
      </class> <!-- POMWith_PageFactory.FBLogin -->
    </test> <!-- Default test -->
  </suite> <!-- Default suite -->
</testng-results>
